d:\téléchargement\projet_graph(menu_et_fichier)\projet_graph\projet_graph\debug\projet_graph.pch
d:\téléchargement\projet_graph(menu_et_fichier)\projet_graph\projet_graph\debug\vc141.pdb
d:\téléchargement\projet_graph(menu_et_fichier)\projet_graph\projet_graph\debug\vc141.idb
d:\téléchargement\projet_graph(menu_et_fichier)\projet_graph\projet_graph\debug\stdafx.obj
d:\téléchargement\projet_graph(menu_et_fichier)\projet_graph\projet_graph\debug\depot.obj
d:\téléchargement\projet_graph(menu_et_fichier)\projet_graph\projet_graph\debug\fichiers.obj
d:\téléchargement\projet_graph(menu_et_fichier)\projet_graph\projet_graph\debug\metaheuristiques.obj
d:\téléchargement\projet_graph(menu_et_fichier)\projet_graph\projet_graph\debug\mouvement.obj
d:\téléchargement\projet_graph(menu_et_fichier)\projet_graph\projet_graph\debug\projet_graph.obj
d:\téléchargement\projet_graph(menu_et_fichier)\projet_graph\projet_graph\debug\anneau.obj
d:\téléchargement\projet_graph(menu_et_fichier)\projet_graph\projet_graph\debug\solution.obj
d:\téléchargement\projet_graph(menu_et_fichier)\projet_graph\projet_graph\debug\voisins.obj
d:\téléchargement\projet_graph(menu_et_fichier)\projet_graph\projet_graph\debug\initialisation.obj
d:\téléchargement\projet_graph(menu_et_fichier)\projet_graph\debug\projet_graph.ilk
d:\téléchargement\projet_graph(menu_et_fichier)\projet_graph\debug\projet_graph.exe
d:\téléchargement\projet_graph(menu_et_fichier)\projet_graph\debug\projet_graph.pdb
d:\téléchargement\projet_graph(menu_et_fichier)\projet_graph\projet_graph\debug\projet_graph.tlog\cl.command.1.tlog
d:\téléchargement\projet_graph(menu_et_fichier)\projet_graph\projet_graph\debug\projet_graph.tlog\cl.read.1.tlog
d:\téléchargement\projet_graph(menu_et_fichier)\projet_graph\projet_graph\debug\projet_graph.tlog\cl.write.1.tlog
d:\téléchargement\projet_graph(menu_et_fichier)\projet_graph\projet_graph\debug\projet_graph.tlog\link.command.1.tlog
d:\téléchargement\projet_graph(menu_et_fichier)\projet_graph\projet_graph\debug\projet_graph.tlog\link.read.1.tlog
d:\téléchargement\projet_graph(menu_et_fichier)\projet_graph\projet_graph\debug\projet_graph.tlog\link.write.1.tlog
